<?xml version="1.0" encoding="UTF-8"?>
<!-- Generated by org.testng.reporters.JUnitReportReporter -->
<testsuite hostname="DESKTOP-KV4TQRG" failures="0" tests="2" name="TQHome.AppiumTest" time="0.000" errors="0" timestamp="08 Mar 2019 07:06:52 GMT" skipped="0">
  <testcase classname="TQHome.AppiumTest" name="nativeiOsApps" time="0.000"/>
  <testcase classname="TQHome.AppiumTest" name="nativeAppAndroid" time="0.000"/>
</testsuite> <!-- TQHome.AppiumTest -->
