<?xml version="1.0" encoding="UTF-8"?>
<!-- Generated by org.testng.reporters.JUnitReportReporter -->
<testsuite hostname="DESKTOP-KV4TQRG" failures="0" tests="2" name="TQHome.AppiumTest" time="0.032" errors="0" timestamp="08 Mar 2019 07:03:49 GMT" skipped="0">
  <testcase classname="TQHome.AppiumTest" name="nativeAppAndroid" time="0.016"/>
  <testcase classname="TQHome.AppiumTest" name="iOsApps" time="0.016"/>
</testsuite> <!-- TQHome.AppiumTest -->
