<?xml version="1.0" encoding="UTF-8"?>
<!-- Generated by org.testng.reporters.JUnitReportReporter -->
<testsuite hostname="DESKTOP-KV4TQRG" failures="0" tests="2" name="TQHome.RESTAPITest" time="0.032" errors="0" timestamp="08 Mar 2019 07:06:52 GMT" skipped="0">
  <testcase classname="TQHome.RESTAPITest" name="deleteTwitter" time="0.016"/>
  <testcase classname="TQHome.RESTAPITest" name="postJira" time="0.016"/>
</testsuite> <!-- TQHome.RESTAPITest -->
