<?xml version="1.0" encoding="UTF-8"?>
<!-- Generated by org.testng.reporters.JUnitReportReporter -->
<testsuite hostname="DESKTOP-KV4TQRG" failures="0" tests="2" name="TQHome.SeleniumTest" time="4.873" errors="0" timestamp="09 Mar 2019 04:36:40 GMT" skipped="0">
  <testcase classname="TQHome.SeleniumTest" name="elementsUI" time="0.002"/>
  <testcase classname="TQHome.SeleniumTest" name="BrowserAutomation" time="4.871"/>
</testsuite> <!-- TQHome.SeleniumTest -->
