<?xml version="1.0" encoding="UTF-8"?>
<!-- Generated by org.testng.reporters.JUnitReportReporter -->
<testsuite hostname="DESKTOP-KV4TQRG" failures="0" tests="1" name="TQHome.AppiumTest" time="0.020" errors="0" timestamp="08 Mar 2019 07:16:51 GMT" skipped="0">
  <testcase classname="TQHome.AppiumTest" name="iOsApps" time="0.020"/>
</testsuite> <!-- TQHome.AppiumTest -->
