<?xml version="1.0" encoding="UTF-8"?>
<!-- Generated by org.testng.reporters.JUnitReportReporter -->
<testsuite hostname="DESKTOP-KV4TQRG" failures="0" tests="1" name="TQHome.AppTest" time="0.016" errors="0" timestamp="08 Mar 2019 06:53:03 GMT" skipped="0">
  <testcase classname="TQHome.AppTest" name="testApp" time="0.016"/>
</testsuite> <!-- TQHome.AppTest -->
