<?xml version="1.0" encoding="UTF-8"?>
<!-- Generated by org.testng.reporters.JUnitReportReporter -->
<testsuite skipped="0" hostname="DESKTOP-KV4TQRG" name="TQHome.TestAppium" tests="1" failures="0" timestamp="10 Mar 2019 06:42:41 GMT" time="0.000" errors="0">
  <testcase name="iOsApps" time="0.000" classname="TQHome.TestAppium"/>
</testsuite> <!-- TQHome.TestAppium -->
