<?xml version="1.0" encoding="UTF-8"?>
<!-- Generated by org.testng.reporters.JUnitReportReporter -->
<testsuite hostname="DESKTOP-KV4TQRG" failures="0" tests="2" name="TQHome.TestcaseAppium" time="0.000" errors="0" timestamp="08 Mar 2019 07:19:52 GMT" skipped="0">
  <testcase classname="TQHome.TestcaseAppium" name="nativeAppAndroid" time="0.000"/>
  <testcase classname="TQHome.TestcaseAppium" name="iOsApps" time="0.000"/>
</testsuite> <!-- TQHome.TestcaseAppium -->
