<?xml version="1.0" encoding="UTF-8"?>
<!-- Generated by org.testng.reporters.JUnitReportReporter -->
<testsuite skipped="0" hostname="DESKTOP-KV4TQRG" name="TQHome.SeleniumTest" tests="1" failures="0" timestamp="10 Mar 2019 06:42:41 GMT" time="4.421" errors="0">
  <testcase name="BrowserAutomation" time="4.421" classname="TQHome.SeleniumTest"/>
</testsuite> <!-- TQHome.SeleniumTest -->
